<?xml version="1.0" encoding="UTF-8"?>
<!-- Generated by org.testng.reporters.JUnitXMLReporter -->
<testsuite hostname="DESKTOP-0B163PU" name="Test" tests="3" failures="0" timestamp="19 Jul 2017 01:28:01 GMT" time="49.603" errors="0">
  <testcase name="basePageNavigation" time="14.592" classname="Academy.homepage"/>
  <testcase name="basePageNavigation" time="20.585" classname="Academy.homepage"/>
  <testcase name="basePageNavigation" time="0.322" classname="Academy.validatenavigation"/>
</testsuite> <!-- Test -->
