<?xml version="1.0" encoding="UTF-8"?>
<!-- Generated by org.testng.reporters.JUnitXMLReporter -->
<testsuite hostname="DESKTOP-0B163PU" name="validating title" tests="2" failures="2" timestamp="19 Jul 2017 03:20:22 GMT" time="10.573" errors="0">
  <testcase name="basePageNavigation" time="0.12" classname="Academy.validatenavigation">
    <failure type="java.lang.AssertionError" message="expected [false] but found [true]">
      <![CDATA[java.lang.AssertionError: expected [false] but found [true]
	at Academy.validatenavigation.basePageNavigation(validatenavigation.java:39)
... Removed 28 stack frames]]>
    </failure>
  </testcase> <!-- basePageNavigation -->
  <testcase name="basePageNavigation" time="0.13" classname="Academy.validatenavigation">
    <failure type="java.lang.NullPointerException">
      <![CDATA[java.lang.NullPointerException
	at resources.base.getScreenshot(base.java:56)
	at Academy.listeners.onTestFailure(listeners.java:34)
... Removed 21 stack frames]]>
    </failure>
  </testcase> <!-- basePageNavigation -->
</testsuite> <!-- validating title -->
