<?xml version="1.0" encoding="UTF-8"?>
<!-- Generated by org.testng.reporters.JUnitXMLReporter -->
<testsuite hostname="DESKTOP-0B163PU" name="Test" tests="3" failures="0" timestamp="19 Jul 2017 02:37:57 GMT" time="51.874" errors="0">
  <testcase name="basePageNavigation" time="16.297" classname="Academy.homepage"/>
  <testcase name="basePageNavigation" time="21.272" classname="Academy.homepage"/>
  <testcase name="basePageNavigation" time="0.378" classname="Academy.validatenavigation"/>
</testsuite> <!-- Test -->
