<?xml version="1.0" encoding="UTF-8"?>
<testng-results skipped="0" failed="0" total="3" passed="3">
  <reporter-output>
  </reporter-output>
  <suite name="Suite" duration-ms="48197" started-at="2017-07-19T19:47:51Z" finished-at="2017-07-19T19:48:39Z">
    <groups>
    </groups>
    <test name="homepage" duration-ms="35548" started-at="2017-07-19T19:47:51Z" finished-at="2017-07-19T19:48:27Z">
      <class name="Academy.homepage">
        <test-method status="PASS" signature="logginguntaccount(java.lang.String, java.lang.String)[pri:0, instance:Academy.homepage@7eac9008]" name="logginguntaccount" duration-ms="17188" started-at="2017-07-19T14:47:51Z" data-provider="getData" finished-at="2017-07-19T14:48:08Z">
          <params>
            <param index="0">
              <value>
                <![CDATA[ya0116]]>
              </value>
            </param>
            <param index="1">
              <value>
                <![CDATA[Yesh1994]]>
              </value>
            </param>
          </params>
          <reporter-output>
          </reporter-output>
        </test-method> <!-- logginguntaccount -->
        <test-method status="PASS" signature="logginguntaccount(java.lang.String, java.lang.String)[pri:0, instance:Academy.homepage@7eac9008]" name="logginguntaccount" duration-ms="18335" started-at="2017-07-19T14:48:08Z" data-provider="getData" finished-at="2017-07-19T14:48:27Z">
          <params>
            <param index="0">
              <value>
                <![CDATA[ya0116]]>
              </value>
            </param>
            <param index="1">
              <value>
                <![CDATA[Yesh199-]]>
              </value>
            </param>
          </params>
          <reporter-output>
          </reporter-output>
        </test-method> <!-- logginguntaccount -->
      </class> <!-- Academy.homepage -->
    </test> <!-- homepage -->
    <test name="validating title" duration-ms="12605" started-at="2017-07-19T19:48:27Z" finished-at="2017-07-19T19:48:39Z">
      <class name="Academy.validatenavigation">
        <test-method status="PASS" signature="intialize()[pri:0, instance:Academy.validatenavigation@1ff4931d]" name="intialize" is-config="true" duration-ms="12218" started-at="2017-07-19T14:48:27Z" finished-at="2017-07-19T14:48:39Z">
          <reporter-output>
          </reporter-output>
        </test-method> <!-- intialize -->
        <test-method status="PASS" signature="navigationbarvalidation()[pri:0, instance:Academy.validatenavigation@1ff4931d]" name="navigationbarvalidation" duration-ms="174" started-at="2017-07-19T14:48:39Z" finished-at="2017-07-19T14:48:39Z">
          <reporter-output>
          </reporter-output>
        </test-method> <!-- navigationbarvalidation -->
        <test-method status="PASS" signature="closingbrowser()[pri:0, instance:Academy.validatenavigation@1ff4931d]" name="closingbrowser" is-config="true" duration-ms="212" started-at="2017-07-19T14:48:39Z" finished-at="2017-07-19T14:48:39Z">
          <reporter-output>
          </reporter-output>
        </test-method> <!-- closingbrowser -->
      </class> <!-- Academy.validatenavigation -->
    </test> <!-- validating title -->
  </suite> <!-- Suite -->
</testng-results>
